<?xml version="1.0" encoding="UTF-8"?>
<!-- Generated by org.testng.reporters.JUnitReportReporter -->
<testsuite skipped="0" hostname="AleXandeR" name="tests.Proba" tests="1" failures="0" timestamp="2021-06-08T21:21:59 CEST" time="5.830" errors="0">
  <testcase name="test" time="5.830" classname="tests.Proba"/>
  <system-out/>
</testsuite> <!-- tests.Proba -->
